<?xml version="1.0" encoding="UTF-8"?>
<testng-results ignored="0" total="1" passed="1" failed="0" skipped="0">
  <reporter-output>
  </reporter-output>
  <suite started-at="2023-11-16T17:13:28 IST" name="Default suite" finished-at="2023-11-16T17:13:28 IST" duration-ms="63">
    <groups>
    </groups>
    <test started-at="2023-11-16T17:13:28 IST" name="Default test" finished-at="2023-11-16T17:13:28 IST" duration-ms="63">
      <class name="baseclass.Login_page">
        <test-method signature="login()[pri:0, instance:baseclass.Login_page@537f60bf]" started-at="2023-11-16T17:13:28 IST" name="login" finished-at="2023-11-16T17:13:28 IST" duration-ms="10" status="PASS">
          <reporter-output>
          </reporter-output>
        </test-method> <!-- login -->
      </class> <!-- baseclass.Login_page -->
    </test> <!-- Default test -->
  </suite> <!-- Default suite -->
</testng-results>
